<?xml version="1.0" encoding="UTF-8"?>
<!-- Generated by org.testng.reporters.JUnitReportReporter -->
<testsuite hostname="TGL193" failures="0" tests="3" name="MyRunner.Runner" time="47.224" errors="0" timestamp="2022-02-20T08:07:29 IST" skipped="0">
  <testcase classname="MyRunner.Runner" name="runScenario" time="15.039"/>
  <system-out/>
  <testcase classname="MyRunner.Runner" name="runScenario" time="17.063"/>
  <system-out/>
  <testcase classname="MyRunner.Runner" name="runScenario" time="15.122"/>
  <system-out/>
</testsuite> <!-- MyRunner.Runner -->
